<?xml version="1.0" encoding="UTF-8"?>
<testng-results ignored="0" total="3" passed="3" failed="0" skipped="0">
  <reporter-output>
  </reporter-output>
  <suite started-at="2023-03-17T10:31:01 IST" name="Default suite" finished-at="2023-03-17T10:31:01 IST" duration-ms="100">
    <groups>
    </groups>
    <test started-at="2023-03-17T10:31:01 IST" name="Default test" finished-at="2023-03-17T10:31:01 IST" duration-ms="100">
      <class name="com.timetracking.actitime.module1.ToVerifyHomePageTest">
        <test-method signature="toVerifyHomePageTest()[pri:0, instance:com.timetracking.actitime.module1.ToVerifyHomePageTest@10d307f1]" started-at="2023-03-17T10:31:01 IST" name="toVerifyHomePageTest" finished-at="2023-03-17T10:31:01 IST" duration-ms="16" status="PASS">
          <reporter-output>
          </reporter-output>
        </test-method> <!-- toVerifyHomePageTest -->
        <test-method signature="toVerifyTaskPageTest()[pri:0, instance:com.timetracking.actitime.module1.ToVerifyHomePageTest@10d307f1]" started-at="2023-03-17T10:31:01 IST" name="toVerifyTaskPageTest" finished-at="2023-03-17T10:31:01 IST" duration-ms="3" status="PASS">
          <reporter-output>
          </reporter-output>
        </test-method> <!-- toVerifyTaskPageTest -->
        <test-method signature="toVerifyUserPageTest()[pri:0, instance:com.timetracking.actitime.module1.ToVerifyHomePageTest@10d307f1]" started-at="2023-03-17T10:31:01 IST" name="toVerifyUserPageTest" finished-at="2023-03-17T10:31:01 IST" duration-ms="1" status="PASS">
          <reporter-output>
          </reporter-output>
        </test-method> <!-- toVerifyUserPageTest -->
      </class> <!-- com.timetracking.actitime.module1.ToVerifyHomePageTest -->
    </test> <!-- Default test -->
  </suite> <!-- Default suite -->
</testng-results>
