<?xml version="1.0" encoding="UTF-8"?>
<!-- Generated by org.testng.reporters.JUnitXMLReporter -->
<testsuite ignored="0" hostname="DESKTOP-AUJ1D2Q" failures="0" tests="3" name="Default test" time="0.1" errors="0" timestamp="2023-03-17T10:31:01 IST">
  <testcase classname="com.timetracking.actitime.module1.ToVerifyHomePageTest" name="toVerifyHomePageTest" time="0.016"/>
  <testcase classname="com.timetracking.actitime.module1.ToVerifyHomePageTest" name="toVerifyTaskPageTest" time="0.003"/>
  <testcase classname="com.timetracking.actitime.module1.ToVerifyHomePageTest" name="toVerifyUserPageTest" time="0.001"/>
</testsuite> <!-- Default test -->
